DEPRECATION WARNING: #fog_provider is deprecated and has no effect (called from block in <main> at /home/wilromeo/achieve_aws/config/initializers/carrierwave.rb:6)
DEPRECATION WARNING: #fog_provider is deprecated and has no effect (called from block in <main> at /home/wilromeo/achieve_aws/config/initializers/carrierwave.rb:6)
Started GET "/" for ::1 at 2020-11-23 13:12:49 +0100
Started GET "/" for ::1 at 2020-11-23 13:12:49 +0100
  [1m[35m (51.8ms)[0m  [1m[34mSELECT "schema_migrations"."version" FROM "schema_migrations" ORDER BY "schema_migrations"."version" ASC[0m
  ↳ /home/wilromeo/.rbenv/versions/2.6.5/lib/ruby/gems/2.6.0/gems/activerecord-5.2.4.4/lib/active_record/log_subscriber.rb:98
  [1m[35m (51.0ms)[0m  [1m[34mSELECT "schema_migrations"."version" FROM "schema_migrations" ORDER BY "schema_migrations"."version" ASC[0m
  ↳ /home/wilromeo/.rbenv/versions/2.6.5/lib/ruby/gems/2.6.0/gems/activerecord-5.2.4.4/lib/active_record/log_subscriber.rb:98
Processing by BlogsController#index as HTML
Processing by BlogsController#index as HTML
  Rendering blogs/index.html.erb within layouts/application
  Rendering blogs/index.html.erb within layouts/application
  [1m[36mBlog Load (43.0ms)[0m  [1m[34mSELECT "blogs".* FROM "blogs"[0m
  ↳ app/views/blogs/index.html.erb:15
  [1m[36mBlog Load (43.7ms)[0m  [1m[34mSELECT "blogs".* FROM "blogs"[0m
  ↳ app/views/blogs/index.html.erb:15
  Rendered blogs/index.html.erb within layouts/application (56.5ms)
  Rendered blogs/index.html.erb within layouts/application (59.8ms)
Completed 200 OK in 2416ms (Views: 2349.4ms | ActiveRecord: 48.4ms)


Completed 200 OK in 2442ms (Views: 2387.6ms | ActiveRecord: 43.7ms)


DEPRECATION WARNING: Single arity template handlers are deprecated. Template handlers must
now accept two parameters, the view object and the source for the view object.
Change:
  >> Coffee::Rails::TemplateHandler.call(template)
To:
  >> Coffee::Rails::TemplateHandler.call(template, source)
 (called from <main> at /home/wilromeo/Bureau/achieve_aws/config/environment.rb:5)
DEPRECATION WARNING: Single arity template handlers are deprecated. Template handlers must
now accept two parameters, the view object and the source for the view object.
Change:
  >> Coffee::Rails::TemplateHandler.call(template)
To:
  >> Coffee::Rails::TemplateHandler.call(template, source)
 (called from <main> at /home/wilromeo/Bureau/achieve_aws/config/environment.rb:5)
DEPRECATION WARNING: Single arity template handlers are deprecated. Template handlers must
now accept two parameters, the view object and the source for the view object.
Change:
  >> Coffee::Rails::TemplateHandler.call(template)
To:
  >> Coffee::Rails::TemplateHandler.call(template, source)
 (called from <top (required)> at /home/wilromeo/Bureau/aws_app/config/environment.rb:5)
DEPRECATION WARNING: #fog_provider is deprecated and has no effect (called from block in <main> at /home/wilromeo/Bureau/aws_app/config/initializers/carrierwave.rb:6)
DEPRECATION WARNING: Single arity template handlers are deprecated. Template handlers must
now accept two parameters, the view object and the source for the view object.
Change:
  >> Coffee::Rails::TemplateHandler.call(template)
To:
  >> Coffee::Rails::TemplateHandler.call(template, source)
 (called from <top (required)> at /home/wilromeo/Bureau/aws_app/config/environment.rb:5)
DEPRECATION WARNING: #fog_provider is deprecated and has no effect (called from block in <main> at /home/wilromeo/Bureau/aws_app/config/initializers/carrierwave.rb:6)
DEPRECATION WARNING: Single arity template handlers are deprecated. Template handlers must
now accept two parameters, the view object and the source for the view object.
Change:
  >> Coffee::Rails::TemplateHandler.call(template)
To:
  >> Coffee::Rails::TemplateHandler.call(template, source)
 (called from <main> at /home/wilromeo/Bureau/aws_app/config/environment.rb:5)
DEPRECATION WARNING: #fog_provider is deprecated and has no effect (called from block in <main> at /home/wilromeo/Bureau/aws_app/config/initializers/carrierwave.rb:6)
DEPRECATION WARNING: Single arity template handlers are deprecated. Template handlers must
now accept two parameters, the view object and the source for the view object.
Change:
  >> Coffee::Rails::TemplateHandler.call(template)
To:
  >> Coffee::Rails::TemplateHandler.call(template, source)
 (called from <main> at /home/wilromeo/Bureau/aws_app/config/environment.rb:5)
DEPRECATION WARNING: #fog_provider is deprecated and has no effect (called from block in <main> at /home/wilromeo/Bureau/aws_app/config/initializers/carrierwave.rb:6)
  [1m[35m (27.3ms)[0m  [1m[34mSELECT pg_try_advisory_lock(892336952976185220)[0m
  [1m[35m (101.4ms)[0m  [1m[34mSELECT "schema_migrations"."version" FROM "schema_migrations" ORDER BY "schema_migrations"."version" ASC[0m
Migrating to CreateBlogs (20201022092843)
  [1m[35m (0.2ms)[0m  [1m[35mBEGIN[0m
  [1m[35m (1742.2ms)[0m  [1m[35mCREATE TABLE "blogs" ("id" bigserial primary key, "title" character varying, "content" text, "created_at" timestamp NOT NULL, "updated_at" timestamp NOT NULL)[0m
  [1m[35m (0.4ms)[0m  [1m[31mROLLBACK[0m
  [1m[35m (0.6ms)[0m  [1m[34mSELECT pg_advisory_unlock(892336952976185220)[0m
DEPRECATION WARNING: Single arity template handlers are deprecated. Template handlers must
now accept two parameters, the view object and the source for the view object.
Change:
  >> Coffee::Rails::TemplateHandler.call(template)
To:
  >> Coffee::Rails::TemplateHandler.call(template, source)
 (called from <main> at /home/wilromeo/Bureau/aws_app/config/environment.rb:5)
DEPRECATION WARNING: #fog_provider is deprecated and has no effect (called from block in <main> at /home/wilromeo/Bureau/aws_app/config/initializers/carrierwave.rb:6)
  [1m[35m (0.7ms)[0m  [1m[34mSELECT "schema_migrations"."version" FROM "schema_migrations" ORDER BY "schema_migrations"."version" ASC[0m
  [1m[35m (58.3ms)[0m  [1m[34mSELECT "ar_internal_metadata"."value" FROM "ar_internal_metadata" WHERE "ar_internal_metadata"."key" = $1[0m  [["key", "environment"]]
  [1m[35m (0.5ms)[0m  [1m[34mSELECT "schema_migrations"."version" FROM "schema_migrations" ORDER BY "schema_migrations"."version" ASC[0m
  [1m[35m (0.2ms)[0m  [1m[34mSELECT "ar_internal_metadata"."value" FROM "ar_internal_metadata" WHERE "ar_internal_metadata"."key" = $1[0m  [["key", "environment"]]
  [1m[35m (0.2ms)[0m  [1m[34mSELECT "schema_migrations"."version" FROM "schema_migrations" ORDER BY "schema_migrations"."version" ASC[0m
  [1m[35m (0.2ms)[0m  [1m[34mSELECT "ar_internal_metadata"."value" FROM "ar_internal_metadata" WHERE "ar_internal_metadata"."key" = $1[0m  [["key", "environment"]]
  [1m[35m (914.1ms)[0m  [1m[35mDROP DATABASE IF EXISTS "blog_development"[0m
  [1m[35m (1325.9ms)[0m  [1m[35mDROP DATABASE IF EXISTS "blog_test"[0m
DEPRECATION WARNING: Single arity template handlers are deprecated. Template handlers must
now accept two parameters, the view object and the source for the view object.
Change:
  >> Coffee::Rails::TemplateHandler.call(template)
To:
  >> Coffee::Rails::TemplateHandler.call(template, source)
 (called from <main> at /home/wilromeo/Bureau/aws_app/config/environment.rb:5)
DEPRECATION WARNING: #fog_provider is deprecated and has no effect (called from block in <main> at /home/wilromeo/Bureau/aws_app/config/initializers/carrierwave.rb:6)
  [1m[35m (5042.6ms)[0m  [1m[35mCREATE DATABASE "blog_development" ENCODING = 'unicode'[0m
  [1m[35m (2405.5ms)[0m  [1m[35mCREATE DATABASE "blog_test" ENCODING = 'unicode'[0m
DEPRECATION WARNING: Single arity template handlers are deprecated. Template handlers must
now accept two parameters, the view object and the source for the view object.
Change:
  >> Coffee::Rails::TemplateHandler.call(template)
To:
  >> Coffee::Rails::TemplateHandler.call(template, source)
 (called from <main> at /home/wilromeo/Bureau/aws_app/config/environment.rb:5)
DEPRECATION WARNING: #fog_provider is deprecated and has no effect (called from block in <main> at /home/wilromeo/Bureau/aws_app/config/initializers/carrierwave.rb:6)
  [1m[35m (483.0ms)[0m  [1m[35mCREATE TABLE "schema_migrations" ("version" character varying NOT NULL PRIMARY KEY)[0m
  [1m[35m (217.3ms)[0m  [1m[35mCREATE TABLE "ar_internal_metadata" ("key" character varying NOT NULL PRIMARY KEY, "value" character varying, "created_at" timestamp(6) NOT NULL, "updated_at" timestamp(6) NOT NULL)[0m
  [1m[35m (0.1ms)[0m  [1m[34mSELECT pg_try_advisory_lock(892336952976185220)[0m
  [1m[35m (0.9ms)[0m  [1m[34mSELECT "schema_migrations"."version" FROM "schema_migrations" ORDER BY "schema_migrations"."version" ASC[0m
Migrating to CreateBlogs (20201022092843)
  [1m[35m (0.3ms)[0m  [1m[35mBEGIN[0m
  [1m[35m (184.6ms)[0m  [1m[35mCREATE TABLE "blogs" ("id" bigserial primary key, "title" character varying, "content" text, "created_at" timestamp NOT NULL, "updated_at" timestamp NOT NULL)[0m
  [1m[36mprimary::SchemaMigration Create (0.6ms)[0m  [1m[32mINSERT INTO "schema_migrations" ("version") VALUES ($1) RETURNING "version"[0m  [["version", "20201022092843"]]
  [1m[35m (28.5ms)[0m  [1m[35mCOMMIT[0m
  [1m[36mActiveRecord::InternalMetadata Load (0.6ms)[0m  [1m[34mSELECT "ar_internal_metadata".* FROM "ar_internal_metadata" WHERE "ar_internal_metadata"."key" = $1 LIMIT $2[0m  [["key", "environment"], ["LIMIT", 1]]
  [1m[35m (0.3ms)[0m  [1m[35mBEGIN[0m
  [1m[36mActiveRecord::InternalMetadata Create (0.6ms)[0m  [1m[32mINSERT INTO "ar_internal_metadata" ("key", "value", "created_at", "updated_at") VALUES ($1, $2, $3, $4) RETURNING "key"[0m  [["key", "environment"], ["value", "development"], ["created_at", "2020-11-26 05:48:20.182174"], ["updated_at", "2020-11-26 05:48:20.182174"]]
  [1m[35m (35.0ms)[0m  [1m[35mCOMMIT[0m
  [1m[35m (0.6ms)[0m  [1m[34mSELECT pg_advisory_unlock(892336952976185220)[0m
  [1m[35m (0.6ms)[0m  [1m[34mSELECT "schema_migrations"."version" FROM "schema_migrations" ORDER BY "schema_migrations"."version" ASC[0m
